<?xml version="1.0" encoding="UTF-8"?>
<!-- Generated by org.testng.reporters.JUnitReportReporter -->
<testsuite hostname="Kas-MacBook-Air.lan" failures="0" tests="7" name="testRunner.PlanitTesting" time="75.221" errors="0" timestamp="2023-02-01T11:20:36 AEST" skipped="0">
  <testcase classname="testRunner.PlanitTesting" name="verifyErrorMessage" time="6.253"/>
  <system-out/>
  <testcase classname="testRunner.PlanitTesting" name="verifySuccessfulSubmissionMsg" time="17.011"/>
  <system-out/>
  <testcase classname="testRunner.PlanitTesting" name="verifySuccessfulSubmissionMsg" time="6.961"/>
  <system-out/>
  <testcase classname="testRunner.PlanitTesting" name="verifySuccessfulSubmissionMsg" time="8.942"/>
  <system-out/>
  <testcase classname="testRunner.PlanitTesting" name="verifySuccessfulSubmissionMsg" time="17.167"/>
  <system-out/>
  <testcase classname="testRunner.PlanitTesting" name="verifySuccessfulSubmissionMsg" time="10.696"/>
  <system-out/>
  <testcase classname="testRunner.PlanitTesting" name="validateCartPage1" time="8.191"/>
  <system-out/>
</testsuite> <!-- testRunner.PlanitTesting -->
