<?xml version="1.0" encoding="UTF-8"?>
<!-- Generated by org.testng.reporters.JUnitReportReporter -->
<testsuite hostname="Kas-MacBook-Air.lan" failures="0" tests="7" name="testRunner.PlanitTesting" time="121.077" errors="0" timestamp="2023-02-01T09:57:33 AEST" skipped="0">
  <testcase classname="testRunner.PlanitTesting" name="validateCartPage1" time="15.267"/>
  <system-out/>
  <testcase classname="testRunner.PlanitTesting" name="verifySuccessfulSubmissionMsg" time="25.746"/>
  <system-out/>
  <testcase classname="testRunner.PlanitTesting" name="verifySuccessfulSubmissionMsg" time="15.918"/>
  <system-out/>
  <testcase classname="testRunner.PlanitTesting" name="verifyErrorMessage" time="11.951"/>
  <system-out/>
  <testcase classname="testRunner.PlanitTesting" name="verifySuccessfulSubmissionMsg" time="19.029"/>
  <system-out/>
  <testcase classname="testRunner.PlanitTesting" name="verifySuccessfulSubmissionMsg" time="14.652"/>
  <system-out/>
  <testcase classname="testRunner.PlanitTesting" name="verifySuccessfulSubmissionMsg" time="18.514"/>
  <system-out/>
</testsuite> <!-- testRunner.PlanitTesting -->
