<?xml version="1.0" encoding="UTF-8"?>
<!-- Generated by org.testng.reporters.JUnitReportReporter -->
<testsuite hostname="Kas-MacBook-Air.lan" failures="0" tests="7" name="testRunner.PlanitTesting" time="79.139" errors="0" timestamp="2023-01-31T23:42:26 AEST" skipped="0">
  <testcase classname="testRunner.PlanitTesting" name="verifyErrorMessage" time="9.538"/>
  <system-out/>
  <testcase classname="testRunner.PlanitTesting" name="verifySuccessfulSubmissionMsg" time="17.539"/>
  <system-out/>
  <testcase classname="testRunner.PlanitTesting" name="verifySuccessfulSubmissionMsg" time="10.701"/>
  <system-out/>
  <testcase classname="testRunner.PlanitTesting" name="verifySuccessfulSubmissionMsg" time="10.790"/>
  <system-out/>
  <testcase classname="testRunner.PlanitTesting" name="validateCartPage" time="10.497"/>
  <system-out/>
  <testcase classname="testRunner.PlanitTesting" name="verifySuccessfulSubmissionMsg" time="10.211"/>
  <system-out/>
  <testcase classname="testRunner.PlanitTesting" name="verifySuccessfulSubmissionMsg" time="9.863"/>
  <system-out/>
</testsuite> <!-- testRunner.PlanitTesting -->
